This is pdfTeX, Version 3.1415926-2.3-1.40.12 (MiKTeX 2.9) (preloaded format=pdflatex 2016.1.10)  28 NOV 2016 14:30
entering extended mode
**E:/DanielBu/èµ„æ–™/ç¡•å£«/EECS442*Mechine*Visionæœºå™¨è§†è§‰/Homework/homewor
k4/my*H4/doc/HW04_fanbu.tex

("E:/DanielBu/èµ„æ–™/ç¡•å£«/EECS442 Mechine Visionæœºå™¨è§†è§‰/Homework/homewor
k4/my H4/doc/HW04_fanbu.tex"
LaTeX2e <2011/06/27>
Babel <v3.8m> and hyphenation patterns for loaded.
(D:\CTEX\MiKTeX\tex\latex\base\article.cls
Document Class: article 2007/10/19 v1.4h Standard LaTeX document class
(D:\CTEX\MiKTeX\tex\latex\base\size10.clo
File: size10.clo 2007/10/19 v1.4h Standard LaTeX file (size option)
)
\c@part=\count79
\c@section=\count80
\c@subsection=\count81
\c@subsubsection=\count82
\c@paragraph=\count83
\c@subparagraph=\count84
\c@figure=\count85
\c@table=\count86
\abovecaptionskip=\skip41
\belowcaptionskip=\skip42
\bibindent=\dimen102
)
(D:\CTEX\MiKTeX\tex\latex\amsfonts\amssymb.sty
Package: amssymb 2009/06/22 v3.00

(D:\CTEX\MiKTeX\tex\latex\amsfonts\amsfonts.sty
Package: amsfonts 2009/06/22 v3.00 Basic AMSFonts support
\@emptytoks=\toks14
\symAMSa=\mathgroup4
\symAMSb=\mathgroup5
LaTeX Font Info:    Overwriting math alphabet `\mathfrak' in version `bold'
(Font)                  U/euf/m/n --> U/euf/b/n on input line 96.
))
(D:\CTEX\UserData\tex\latex\preprint\fullpage.sty
Package: fullpage 1999/02/23 1.1 (PWD)
\FP@margin=\skip43
)
(D:\CTEX\UserData\tex\latex\changepage\changepage.sty
Package: changepage 2009/10/20 v1.0c check page and change page layout
\c@cp@cntr=\count87
\cp@tempcnt=\count88
)
(D:\CTEX\MiKTeX\tex\latex\ams\math\amsmath.sty
Package: amsmath 2000/07/18 v2.13 AMS math features
\@mathmargin=\skip44

For additional information on amsmath, use the `?' option.
(D:\CTEX\MiKTeX\tex\latex\ams\math\amstext.sty
Package: amstext 2000/06/29 v2.01

(D:\CTEX\MiKTeX\tex\latex\ams\math\amsgen.sty
File: amsgen.sty 1999/11/30 v2.0
\@emptytoks=\toks15
\ex@=\dimen103
))
(D:\CTEX\MiKTeX\tex\latex\ams\math\amsbsy.sty
Package: amsbsy 1999/11/29 v1.2d
\pmbraise@=\dimen104
)
(D:\CTEX\MiKTeX\tex\latex\ams\math\amsopn.sty
Package: amsopn 1999/12/14 v2.01 operator names
)
\inf@bad=\count89
LaTeX Info: Redefining \frac on input line 211.
\uproot@=\count90
\leftroot@=\count91
LaTeX Info: Redefining \overline on input line 307.
\classnum@=\count92
\DOTSCASE@=\count93
LaTeX Info: Redefining \ldots on input line 379.
LaTeX Info: Redefining \dots on input line 382.
LaTeX Info: Redefining \cdots on input line 467.
\Mathstrutbox@=\box26
\strutbox@=\box27
\big@size=\dimen105
LaTeX Font Info:    Redeclaring font encoding OML on input line 567.
LaTeX Font Info:    Redeclaring font encoding OMS on input line 568.
\macc@depth=\count94
\c@MaxMatrixCols=\count95
\dotsspace@=\muskip10
\c@parentequation=\count96
\dspbrk@lvl=\count97
\tag@help=\toks16
\row@=\count98
\column@=\count99
\maxfields@=\count100
\andhelp@=\toks17
\eqnshift@=\dimen106
\alignsep@=\dimen107
\tagshift@=\dimen108
\tagwidth@=\dimen109
\totwidth@=\dimen110
\lineht@=\dimen111
\@envbody=\toks18
\multlinegap=\skip45
\multlinetaggap=\skip46
\mathdisplay@stack=\toks19
LaTeX Info: Redefining \[ on input line 2666.
LaTeX Info: Redefining \] on input line 2667.
)
(D:\CTEX\MiKTeX\tex\latex\graphics\epsfig.sty
Package: epsfig 1999/02/16 v1.7a (e)psfig emulation (SPQR)

(D:\CTEX\MiKTeX\tex\latex\graphics\graphicx.sty
Package: graphicx 1999/02/16 v1.0f Enhanced LaTeX Graphics (DPC,SPQR)

(D:\CTEX\MiKTeX\tex\latex\graphics\keyval.sty
Package: keyval 1999/03/16 v1.13 key=value parser (DPC)
\KV@toks@=\toks20
)
(D:\CTEX\MiKTeX\tex\latex\graphics\graphics.sty
Package: graphics 2009/02/05 v1.0o Standard LaTeX Graphics (DPC,SPQR)

(D:\CTEX\MiKTeX\tex\latex\graphics\trig.sty
Package: trig 1999/03/16 v1.09 sin cos tan (DPC)
)
(D:\CTEX\MiKTeX\tex\latex\00miktex\graphics.cfg
File: graphics.cfg 2007/01/18 v1.5 graphics configuration of teTeX/TeXLive
)
Package graphics Info: Driver file: pdftex.def on input line 91.

(D:\CTEX\MiKTeX\tex\latex\pdftex-def\pdftex.def
File: pdftex.def 2011/05/27 v0.06d Graphics/color for pdfTeX

(D:\CTEX\MiKTeX\tex\generic\oberdiek\infwarerr.sty
Package: infwarerr 2010/04/08 v1.3 Providing info/warning/message (HO)
)
(D:\CTEX\MiKTeX\tex\generic\oberdiek\ltxcmds.sty
Package: ltxcmds 2011/04/18 v1.20 LaTeX kernel commands for general use (HO)
)
\Gread@gobject=\count101
))
\Gin@req@height=\dimen112
\Gin@req@width=\dimen113
)
\epsfxsize=\dimen114
\epsfysize=\dimen115
)
(D:\CTEX\MiKTeX\tex\latex\float\float.sty
Package: float 2001/11/08 v1.3d Float enhancements (AL)
\c@float@type=\count102
\float@exts=\toks21
\float@box=\box28
\@float@everytoks=\toks22
\@floatcapt=\box29
)
(D:\CTEX\MiKTeX\tex\latex\base\alltt.sty
Package: alltt 1997/06/16 v2.0g defines alltt environment
)
(D:\CTEX\UserData\tex\latex\psfrag\psfrag.sty
Package: psfrag 1998/04/11 v3.04 PSfrag (MCG)
\pfg@pcount=\count103
\pfg@scount=\count104
\pfg@temp=\write3
)
(D:\CTEX\MiKTeX\tex\latex\tools\xr.sty
Package: xr 1994/05/28 v5.02 eXternal References (DPC)
)
(D:\CTEX\MiKTeX\tex\latex\base\fontenc.sty
Package: fontenc 2005/09/27 v1.99g Standard LaTeX package

(D:\CTEX\MiKTeX\tex\latex\base\t1enc.def
File: t1enc.def 2005/09/27 v1.99g Standard LaTeX file
LaTeX Font Info:    Redeclaring font encoding T1 on input line 43.
))
(D:\CTEX\MiKTeX\tex\latex\ltxmisc\url.sty
\Urlmuskip=\muskip11
Package: url 2006/04/12  ver 3.3  Verb mode for urls, etc.
)
(D:\CTEX\UserData\tex\latex\pdfpages\pdfpages.sty
Package: pdfpages 2015/09/18 v0.5d Insert pages of external PDF documents (AM)

(D:\CTEX\MiKTeX\tex\latex\base\ifthen.sty
Package: ifthen 2001/05/26 v1.1c Standard LaTeX ifthen package (DPC)
)
(D:\CTEX\MiKTeX\tex\latex\tools\calc.sty
Package: calc 2007/08/22 v4.3 Infix arithmetic (KKT,FJ)
\calc@Acount=\count105
\calc@Bcount=\count106
\calc@Adimen=\dimen116
\calc@Bdimen=\dimen117
\calc@Askip=\skip47
\calc@Bskip=\skip48
LaTeX Info: Redefining \setlength on input line 76.
LaTeX Info: Redefining \addtolength on input line 77.
\calc@Ccount=\count107
\calc@Cskip=\skip49
)
(D:\CTEX\UserData\tex\latex\eso-pic\eso-pic.sty
Package: eso-pic 2015/07/21 v2.0g eso-pic (RN)

(D:\CTEX\MiKTeX\tex\generic\oberdiek\atbegshi.sty
Package: atbegshi 2011/01/30 v1.15 At begin shipout hook (HO)

(D:\CTEX\MiKTeX\tex\generic\oberdiek\ifpdf.sty
Package: ifpdf 2011/01/30 v2.3 Provides the ifpdf switch (HO)
Package ifpdf Info: pdfTeX in PDF mode is detected.
))
(D:\CTEX\UserData\tex\latex\xcolor\xcolor.sty
Package: xcolor 2007/01/21 v2.11 LaTeX color extensions (UK)

(D:\CTEX\MiKTeX\tex\latex\00miktex\color.cfg
File: color.cfg 2007/01/18 v1.5 color configuration of teTeX/TeXLive
)
Package xcolor Info: Driver file: pdftex.def on input line 225.
Package xcolor Info: Model `cmy' substituted by `cmy0' on input line 1337.
Package xcolor Info: Model `hsb' substituted by `rgb' on input line 1341.
Package xcolor Info: Model `RGB' extended on input line 1353.
Package xcolor Info: Model `HTML' substituted by `rgb' on input line 1355.
Package xcolor Info: Model `Hsb' substituted by `hsb' on input line 1356.
Package xcolor Info: Model `tHsb' substituted by `hsb' on input line 1357.
Package xcolor Info: Model `HSB' substituted by `hsb' on input line 1358.
Package xcolor Info: Model `Gray' substituted by `gray' on input line 1359.
Package xcolor Info: Model `wave' substituted by `hsb' on input line 1360.
))
\AM@pagewidth=\dimen118
\AM@pageheight=\dimen119

(D:\CTEX\UserData\tex\latex\pdfpages\pppdftex.def
File: pppdftex.def 2015/09/18 v0.5d Pdfpages driver for pdfTeX (AM)
)
\AM@pagebox=\box30
\AM@toc@title=\toks23
\c@AM@survey=\count108
\AM@templatesizebox=\box31
)
(D:\CTEX\MiKTeX\tex\latex\oberdiek\epstopdf.sty
Package: epstopdf 2010/02/09 v2.5 Conversion with epstopdf on the fly (HO)

(D:\CTEX\MiKTeX\tex\latex\oberdiek\epstopdf-base.sty
Package: epstopdf-base 2010/02/09 v2.5 Base part for package epstopdf

(D:\CTEX\MiKTeX\tex\latex\oberdiek\grfext.sty
Package: grfext 2010/08/19 v1.1 Managing graphics extensions (HO)

(D:\CTEX\MiKTeX\tex\generic\oberdiek\kvdefinekeys.sty
Package: kvdefinekeys 2011/04/07 v1.3 Defining keys (HO)
))
(D:\CTEX\MiKTeX\tex\latex\oberdiek\kvoptions.sty
Package: kvoptions 2010/12/23 v3.10 Keyval support for LaTeX options (HO)

(D:\CTEX\MiKTeX\tex\generic\oberdiek\kvsetkeys.sty
Package: kvsetkeys 2011/04/07 v1.13 Key value parser (HO)

(D:\CTEX\MiKTeX\tex\generic\oberdiek\etexcmds.sty
Package: etexcmds 2011/02/16 v1.5 Prefix for e-TeX command names (HO)

(D:\CTEX\MiKTeX\tex\generic\oberdiek\ifluatex.sty
Package: ifluatex 2010/03/01 v1.3 Provides the ifluatex switch (HO)
Package ifluatex Info: LuaTeX not detected.
)
Package etexcmds Info: Could not find \expanded.
(etexcmds)             That can mean that you are not using pdfTeX 1.50 or
(etexcmds)             that some package has redefined \expanded.
(etexcmds)             In the latter case, load this package earlier.
)))
(D:\CTEX\MiKTeX\tex\generic\oberdiek\pdftexcmds.sty
Package: pdftexcmds 2011/04/22 v0.16 Utilities of pdfTeX for LuaTeX (HO)
Package pdftexcmds Info: LuaTeX not detected.
Package pdftexcmds Info: \pdf@primitive is available.
Package pdftexcmds Info: \pdf@ifprimitive is available.
Package pdftexcmds Info: \pdfdraftmode found.
)
Package grfext Info: Graphics extension search list:
(grfext)             [.png,.pdf,.jpg,.mps,.jpeg,.jbig2,.jb2,.PNG,.PDF,.JPG,.JPE
G,.JBIG2,.JB2,.eps]
(grfext)             \AppendGraphicsExtensions on input line 452.
))
("E:\DanielBu\èµ„æ–™\ç¡•å£«\EECS442 Mechine Visionæœºå™¨è§†è§‰\Homework\homewor
k4\my H4\doc\mcode.sty"
-- Package: `mcode' 2.5 <2014/03/06> --
Package: mcode 2014/03/06 2.5
 - settings optimized for display (colour formating)
 - line numbering enabled
 - literate programming (character replacements) enabled
 - automatic line breaking enabled (careful, buggy!)
 - framed listings
(D:\CTEX\UserData\tex\latex\listings\listings.sty
\lst@mode=\count109
\lst@gtempboxa=\box32
\lst@token=\toks24
\lst@length=\count110
\lst@currlwidth=\dimen120
\lst@column=\count111
\lst@pos=\count112
\lst@lostspace=\dimen121
\lst@width=\dimen122
\lst@newlines=\count113
\lst@lineno=\count114
\lst@maxwidth=\dimen123

(D:\CTEX\UserData\tex\latex\listings\lstmisc.sty
File: lstmisc.sty 2015/06/04 1.6 (Carsten Heinz)
\c@lstnumber=\count115
\lst@skipnumbers=\count116
\lst@framebox=\box33
)
(D:\CTEX\UserData\tex\latex\listings\listings.cfg
File: listings.cfg 2015/06/04 1.6 listings configuration
))
Package: listings 2015/06/04 1.6 (Carsten Heinz)

(D:\CTEX\MiKTeX\tex\latex\base\textcomp.sty
Package: textcomp 2005/09/27 v1.99g Standard LaTeX package
Package textcomp Info: Sub-encoding information:
(textcomp)               5 = only ISO-Adobe without \textcurrency
(textcomp)               4 = 5 + \texteuro
(textcomp)               3 = 4 + \textohm
(textcomp)               2 = 3 + \textestimated + \textcurrency
(textcomp)               1 = TS1 - \textcircled - \t
(textcomp)               0 = TS1 (full)
(textcomp)             Font families with sub-encoding setting implement
(textcomp)             only a restricted character set as indicated.
(textcomp)             Family '?' is the default used for unknown fonts.
(textcomp)             See the documentation for details.
Package textcomp Info: Setting ? sub-encoding to TS1/1 on input line 71.

(D:\CTEX\MiKTeX\tex\latex\base\ts1enc.def
File: ts1enc.def 2001/06/05 v3.0e (jk/car/fm) Standard LaTeX file
)
LaTeX Info: Redefining \oldstylenums on input line 266.
Package textcomp Info: Setting cmr sub-encoding to TS1/0 on input line 281.
Package textcomp Info: Setting cmss sub-encoding to TS1/0 on input line 282.
Package textcomp Info: Setting cmtt sub-encoding to TS1/0 on input line 283.
Package textcomp Info: Setting cmvtt sub-encoding to TS1/0 on input line 284.
Package textcomp Info: Setting cmbr sub-encoding to TS1/0 on input line 285.
Package textcomp Info: Setting cmtl sub-encoding to TS1/0 on input line 286.
Package textcomp Info: Setting ccr sub-encoding to TS1/0 on input line 287.
Package textcomp Info: Setting ptm sub-encoding to TS1/4 on input line 288.
Package textcomp Info: Setting pcr sub-encoding to TS1/4 on input line 289.
Package textcomp Info: Setting phv sub-encoding to TS1/4 on input line 290.
Package textcomp Info: Setting ppl sub-encoding to TS1/3 on input line 291.
Package textcomp Info: Setting pag sub-encoding to TS1/4 on input line 292.
Package textcomp Info: Setting pbk sub-encoding to TS1/4 on input line 293.
Package textcomp Info: Setting pnc sub-encoding to TS1/4 on input line 294.
Package textcomp Info: Setting pzc sub-encoding to TS1/4 on input line 295.
Package textcomp Info: Setting bch sub-encoding to TS1/4 on input line 296.
Package textcomp Info: Setting put sub-encoding to TS1/5 on input line 297.
Package textcomp Info: Setting uag sub-encoding to TS1/5 on input line 298.
Package textcomp Info: Setting ugq sub-encoding to TS1/5 on input line 299.
Package textcomp Info: Setting ul8 sub-encoding to TS1/4 on input line 300.
Package textcomp Info: Setting ul9 sub-encoding to TS1/4 on input line 301.
Package textcomp Info: Setting augie sub-encoding to TS1/5 on input line 302.
Package textcomp Info: Setting dayrom sub-encoding to TS1/3 on input line 303.
Package textcomp Info: Setting dayroms sub-encoding to TS1/3 on input line 304.

Package textcomp Info: Setting pxr sub-encoding to TS1/0 on input line 305.
Package textcomp Info: Setting pxss sub-encoding to TS1/0 on input line 306.
Package textcomp Info: Setting pxtt sub-encoding to TS1/0 on input line 307.
Package textcomp Info: Setting txr sub-encoding to TS1/0 on input line 308.
Package textcomp Info: Setting txss sub-encoding to TS1/0 on input line 309.
Package textcomp Info: Setting txtt sub-encoding to TS1/0 on input line 310.
Package textcomp Info: Setting lmr sub-encoding to TS1/0 on input line 311.
Package textcomp Info: Setting lmdh sub-encoding to TS1/0 on input line 312.
Package textcomp Info: Setting lmss sub-encoding to TS1/0 on input line 313.
Package textcomp Info: Setting lmssq sub-encoding to TS1/0 on input line 314.
Package textcomp Info: Setting lmvtt sub-encoding to TS1/0 on input line 315.
Package textcomp Info: Setting qhv sub-encoding to TS1/0 on input line 316.
Package textcomp Info: Setting qag sub-encoding to TS1/0 on input line 317.
Package textcomp Info: Setting qbk sub-encoding to TS1/0 on input line 318.
Package textcomp Info: Setting qcr sub-encoding to TS1/0 on input line 319.
Package textcomp Info: Setting qcs sub-encoding to TS1/0 on input line 320.
Package textcomp Info: Setting qpl sub-encoding to TS1/0 on input line 321.
Package textcomp Info: Setting qtm sub-encoding to TS1/0 on input line 322.
Package textcomp Info: Setting qzc sub-encoding to TS1/0 on input line 323.
Package textcomp Info: Setting qhvc sub-encoding to TS1/0 on input line 324.
Package textcomp Info: Setting futs sub-encoding to TS1/4 on input line 325.
Package textcomp Info: Setting futx sub-encoding to TS1/4 on input line 326.
Package textcomp Info: Setting futj sub-encoding to TS1/4 on input line 327.
Package textcomp Info: Setting hlh sub-encoding to TS1/3 on input line 328.
Package textcomp Info: Setting hls sub-encoding to TS1/3 on input line 329.
Package textcomp Info: Setting hlst sub-encoding to TS1/3 on input line 330.
Package textcomp Info: Setting hlct sub-encoding to TS1/5 on input line 331.
Package textcomp Info: Setting hlx sub-encoding to TS1/5 on input line 332.
Package textcomp Info: Setting hlce sub-encoding to TS1/5 on input line 333.
Package textcomp Info: Setting hlcn sub-encoding to TS1/5 on input line 334.
Package textcomp Info: Setting hlcw sub-encoding to TS1/5 on input line 335.
Package textcomp Info: Setting hlcf sub-encoding to TS1/5 on input line 336.
Package textcomp Info: Setting pplx sub-encoding to TS1/3 on input line 337.
Package textcomp Info: Setting pplj sub-encoding to TS1/3 on input line 338.
Package textcomp Info: Setting ptmx sub-encoding to TS1/4 on input line 339.
Package textcomp Info: Setting ptmj sub-encoding to TS1/4 on input line 340.
)
\lbreakdots=\box34
LaTeX Font Info:    Try loading font information for T1+pcr on input line 229.

(D:\CTEX\MiKTeX\tex\latex\psnfss\t1pcr.fd
File: t1pcr.fd 2001/06/04 font definitions for T1/pcr.
))
(D:\CTEX\MiKTeX\tex\latex\tools\indentfirst.sty
Package: indentfirst 1995/11/23 v1.03 Indent first paragraph (DPC)
)
(D:\CTEX\UserData\tex\latex\pgf\frontendlayer\tikz.sty
(D:\CTEX\UserData\tex\latex\pgf\basiclayer\pgf.sty
(D:\CTEX\UserData\tex\latex\pgf\utilities\pgfrcs.sty
(D:\CTEX\UserData\tex\generic\pgf\utilities\pgfutil-common.tex
\pgfutil@everybye=\toks25
\pgfutil@tempdima=\dimen124
\pgfutil@tempdimb=\dimen125

(D:\CTEX\UserData\tex\generic\pgf\utilities\pgfutil-common-lists.tex))
(D:\CTEX\UserData\tex\generic\pgf\utilities\pgfutil-latex.def
\pgfutil@abb=\box35

(D:\CTEX\UserData\tex\latex\ms\everyshi.sty
Package: everyshi 2001/05/15 v3.00 EveryShipout Package (MS)
))
(D:\CTEX\UserData\tex\generic\pgf\utilities\pgfrcs.code.tex
Package: pgfrcs 2015/08/07 v3.0.1a (rcs-revision 1.31)
))
Package: pgf 2015/08/07 v3.0.1a (rcs-revision 1.15)

(D:\CTEX\UserData\tex\latex\pgf\basiclayer\pgfcore.sty
(D:\CTEX\UserData\tex\latex\pgf\systemlayer\pgfsys.sty
(D:\CTEX\UserData\tex\generic\pgf\systemlayer\pgfsys.code.tex
Package: pgfsys 2014/07/09 v3.0.1a (rcs-revision 1.48)

(D:\CTEX\UserData\tex\generic\pgf\utilities\pgfkeys.code.tex
\pgfkeys@pathtoks=\toks26
\pgfkeys@temptoks=\toks27

(D:\CTEX\UserData\tex\generic\pgf\utilities\pgfkeysfiltered.code.tex
\pgfkeys@tmptoks=\toks28
))
\pgf@x=\dimen126
\pgf@y=\dimen127
\pgf@xa=\dimen128
\pgf@ya=\dimen129
\pgf@xb=\dimen130
\pgf@yb=\dimen131
\pgf@xc=\dimen132
\pgf@yc=\dimen133
\w@pgf@writea=\write4
\r@pgf@reada=\read1
\c@pgf@counta=\count117
\c@pgf@countb=\count118
\c@pgf@countc=\count119
\c@pgf@countd=\count120
\t@pgf@toka=\toks29
\t@pgf@tokb=\toks30
\t@pgf@tokc=\toks31

(D:\CTEX\UserData\tex\generic\pgf\systemlayer\pgf.cfg
File: pgf.cfg 2008/05/14  (rcs-revision 1.7)
)
Driver file for pgf: pgfsys-pdftex.def

(D:\CTEX\UserData\tex\generic\pgf\systemlayer\pgfsys-pdftex.def
File: pgfsys-pdftex.def 2014/10/11  (rcs-revision 1.35)

(D:\CTEX\UserData\tex\generic\pgf\systemlayer\pgfsys-common-pdf.def
File: pgfsys-common-pdf.def 2013/10/10  (rcs-revision 1.13)
)))
(D:\CTEX\UserData\tex\generic\pgf\systemlayer\pgfsyssoftpath.code.tex
File: pgfsyssoftpath.code.tex 2013/09/09  (rcs-revision 1.9)
\pgfsyssoftpath@smallbuffer@items=\count121
\pgfsyssoftpath@bigbuffer@items=\count122
)
(D:\CTEX\UserData\tex\generic\pgf\systemlayer\pgfsysprotocol.code.tex
File: pgfsysprotocol.code.tex 2006/10/16  (rcs-revision 1.4)
))
(D:\CTEX\UserData\tex\generic\pgf\basiclayer\pgfcore.code.tex
Package: pgfcore 2010/04/11 v3.0.1a (rcs-revision 1.7)

(D:\CTEX\UserData\tex\generic\pgf\math\pgfmath.code.tex
(D:\CTEX\UserData\tex\generic\pgf\math\pgfmathcalc.code.tex
(D:\CTEX\UserData\tex\generic\pgf\math\pgfmathutil.code.tex)
(D:\CTEX\UserData\tex\generic\pgf\math\pgfmathparser.code.tex
\pgfmath@dimen=\dimen134
\pgfmath@count=\count123
\pgfmath@box=\box36
\pgfmath@toks=\toks32
\pgfmath@stack@operand=\toks33
\pgfmath@stack@operation=\toks34
)
(D:\CTEX\UserData\tex\generic\pgf\math\pgfmathfunctions.code.tex
(D:\CTEX\UserData\tex\generic\pgf\math\pgfmathfunctions.basic.code.tex)
(D:\CTEX\UserData\tex\generic\pgf\math\pgfmathfunctions.trigonometric.code.tex)
(D:\CTEX\UserData\tex\generic\pgf\math\pgfmathfunctions.random.code.tex)
(D:\CTEX\UserData\tex\generic\pgf\math\pgfmathfunctions.comparison.code.tex)
(D:\CTEX\UserData\tex\generic\pgf\math\pgfmathfunctions.base.code.tex)
(D:\CTEX\UserData\tex\generic\pgf\math\pgfmathfunctions.round.code.tex)
(D:\CTEX\UserData\tex\generic\pgf\math\pgfmathfunctions.misc.code.tex)
(D:\CTEX\UserData\tex\generic\pgf\math\pgfmathfunctions.integerarithmetics.code
.tex))) (D:\CTEX\UserData\tex\generic\pgf\math\pgfmathfloat.code.tex
\c@pgfmathroundto@lastzeros=\count124
))
(D:\CTEX\UserData\tex\generic\pgf\basiclayer\pgfcorepoints.code.tex
File: pgfcorepoints.code.tex 2013/10/07  (rcs-revision 1.27)
\pgf@picminx=\dimen135
\pgf@picmaxx=\dimen136
\pgf@picminy=\dimen137
\pgf@picmaxy=\dimen138
\pgf@pathminx=\dimen139
\pgf@pathmaxx=\dimen140
\pgf@pathminy=\dimen141
\pgf@pathmaxy=\dimen142
\pgf@xx=\dimen143
\pgf@xy=\dimen144
\pgf@yx=\dimen145
\pgf@yy=\dimen146
\pgf@zx=\dimen147
\pgf@zy=\dimen148
)
(D:\CTEX\UserData\tex\generic\pgf\basiclayer\pgfcorepathconstruct.code.tex
File: pgfcorepathconstruct.code.tex 2013/10/07  (rcs-revision 1.29)
\pgf@path@lastx=\dimen149
\pgf@path@lasty=\dimen150
)
(D:\CTEX\UserData\tex\generic\pgf\basiclayer\pgfcorepathusage.code.tex
File: pgfcorepathusage.code.tex 2014/11/02  (rcs-revision 1.24)
\pgf@shorten@end@additional=\dimen151
\pgf@shorten@start@additional=\dimen152
)
(D:\CTEX\UserData\tex\generic\pgf\basiclayer\pgfcorescopes.code.tex
File: pgfcorescopes.code.tex 2015/05/08  (rcs-revision 1.46)
\pgfpic=\box37
\pgf@hbox=\box38
\pgf@layerbox@main=\box39
\pgf@picture@serial@count=\count125
)
(D:\CTEX\UserData\tex\generic\pgf\basiclayer\pgfcoregraphicstate.code.tex
File: pgfcoregraphicstate.code.tex 2014/11/02  (rcs-revision 1.12)
\pgflinewidth=\dimen153
)
(D:\CTEX\UserData\tex\generic\pgf\basiclayer\pgfcoretransformations.code.tex
File: pgfcoretransformations.code.tex 2015/08/07  (rcs-revision 1.20)
\pgf@pt@x=\dimen154
\pgf@pt@y=\dimen155
\pgf@pt@temp=\dimen156
)
(D:\CTEX\UserData\tex\generic\pgf\basiclayer\pgfcorequick.code.tex
File: pgfcorequick.code.tex 2008/10/09  (rcs-revision 1.3)
)
(D:\CTEX\UserData\tex\generic\pgf\basiclayer\pgfcoreobjects.code.tex
File: pgfcoreobjects.code.tex 2006/10/11  (rcs-revision 1.2)
)
(D:\CTEX\UserData\tex\generic\pgf\basiclayer\pgfcorepathprocessing.code.tex
File: pgfcorepathprocessing.code.tex 2013/09/09  (rcs-revision 1.9)
)
(D:\CTEX\UserData\tex\generic\pgf\basiclayer\pgfcorearrows.code.tex
File: pgfcorearrows.code.tex 2015/05/14  (rcs-revision 1.43)
\pgfarrowsep=\dimen157
)
(D:\CTEX\UserData\tex\generic\pgf\basiclayer\pgfcoreshade.code.tex
File: pgfcoreshade.code.tex 2013/07/15  (rcs-revision 1.15)
\pgf@max=\dimen158
\pgf@sys@shading@range@num=\count126
)
(D:\CTEX\UserData\tex\generic\pgf\basiclayer\pgfcoreimage.code.tex
File: pgfcoreimage.code.tex 2013/07/15  (rcs-revision 1.18)

(D:\CTEX\UserData\tex\generic\pgf\basiclayer\pgfcoreexternal.code.tex
File: pgfcoreexternal.code.tex 2014/07/09  (rcs-revision 1.21)
\pgfexternal@startupbox=\box40
))
(D:\CTEX\UserData\tex\generic\pgf\basiclayer\pgfcorelayers.code.tex
File: pgfcorelayers.code.tex 2013/07/18  (rcs-revision 1.7)
)
(D:\CTEX\UserData\tex\generic\pgf\basiclayer\pgfcoretransparency.code.tex
File: pgfcoretransparency.code.tex 2013/09/30  (rcs-revision 1.5)
)
(D:\CTEX\UserData\tex\generic\pgf\basiclayer\pgfcorepatterns.code.tex
File: pgfcorepatterns.code.tex 2013/11/07  (rcs-revision 1.5)
)))
(D:\CTEX\UserData\tex\generic\pgf\modules\pgfmoduleshapes.code.tex
File: pgfmoduleshapes.code.tex 2014/03/21  (rcs-revision 1.35)
\pgfnodeparttextbox=\box41
)
(D:\CTEX\UserData\tex\generic\pgf\modules\pgfmoduleplot.code.tex
File: pgfmoduleplot.code.tex 2015/08/03  (rcs-revision 1.13)
)
(D:\CTEX\UserData\tex\latex\pgf\compatibility\pgfcomp-version-0-65.sty
Package: pgfcomp-version-0-65 2007/07/03 v3.0.1a (rcs-revision 1.7)
\pgf@nodesepstart=\dimen159
\pgf@nodesepend=\dimen160
)
(D:\CTEX\UserData\tex\latex\pgf\compatibility\pgfcomp-version-1-18.sty
Package: pgfcomp-version-1-18 2007/07/23 v3.0.1a (rcs-revision 1.1)
))
(D:\CTEX\UserData\tex\latex\pgf\utilities\pgffor.sty
(D:\CTEX\UserData\tex\latex\pgf\utilities\pgfkeys.sty
(D:\CTEX\UserData\tex\generic\pgf\utilities\pgfkeys.code.tex))
(D:\CTEX\UserData\tex\latex\pgf\math\pgfmath.sty
(D:\CTEX\UserData\tex\generic\pgf\math\pgfmath.code.tex))
(D:\CTEX\UserData\tex\generic\pgf\utilities\pgffor.code.tex
Package: pgffor 2013/12/13 v3.0.1a (rcs-revision 1.25)

(D:\CTEX\UserData\tex\generic\pgf\math\pgfmath.code.tex)
\pgffor@iter=\dimen161
\pgffor@skip=\dimen162
\pgffor@stack=\toks35
\pgffor@toks=\toks36
))
(D:\CTEX\UserData\tex\generic\pgf\frontendlayer\tikz\tikz.code.tex
Package: tikz 2015/08/07 v3.0.1a (rcs-revision 1.151)

(D:\CTEX\UserData\tex\generic\pgf\libraries\pgflibraryplothandlers.code.tex
File: pgflibraryplothandlers.code.tex 2013/08/31 v3.0.1a (rcs-revision 1.20)
\pgf@plot@mark@count=\count127
\pgfplotmarksize=\dimen163
)
\tikz@lastx=\dimen164
\tikz@lasty=\dimen165
\tikz@lastxsaved=\dimen166
\tikz@lastysaved=\dimen167
\tikzleveldistance=\dimen168
\tikzsiblingdistance=\dimen169
\tikz@figbox=\box42
\tikz@figbox@bg=\box43
\tikz@tempbox=\box44
\tikz@tempbox@bg=\box45
\tikztreelevel=\count128
\tikznumberofchildren=\count129
\tikznumberofcurrentchild=\count130
\tikz@fig@count=\count131

(D:\CTEX\UserData\tex\generic\pgf\modules\pgfmodulematrix.code.tex
File: pgfmodulematrix.code.tex 2013/09/17  (rcs-revision 1.8)
\pgfmatrixcurrentrow=\count132
\pgfmatrixcurrentcolumn=\count133
\pgf@matrix@numberofcolumns=\count134
)
\tikz@expandcount=\count135

(D:\CTEX\UserData\tex\generic\pgf\frontendlayer\tikz\libraries\tikzlibrarytopat
hs.code.tex
File: tikzlibrarytopaths.code.tex 2008/06/17 v3.0.1a (rcs-revision 1.2)
))) (D:\CTEX\MiKTeX\tex\latex\psnfss\mathpazo.sty
Package: mathpazo 2005/04/12 PSNFSS-v9.2a Palatino w/ Pazo Math (D.Puga, WaS) 
\symupright=\mathgroup6
)
(D:\CTEX\UserData\tex\latex\subfigure\subfigure.sty
Package: subfigure 2002/07/30 v2.1.4 subfigure package
\subfigtopskip=\skip50
\subfigcapskip=\skip51
\subfigcaptopadj=\dimen170
\subfigbottomskip=\skip52
\subfigcapmargin=\dimen171
\subfiglabelskip=\skip53
\c@subfigure=\count136
\c@lofdepth=\count137
\c@subtable=\count138
\c@lotdepth=\count139

****************************************
* Local config file subfigure.cfg used *
****************************************
(D:\CTEX\UserData\tex\latex\subfigure\subfigure.cfg)
\subfig@top=\skip54
\subfig@bottom=\skip55
)
("E:\DanielBu\èµ„æ–™\ç¡•å£«\EECS442 Mechine Visionæœºå™¨è§†è§‰\Homework\homewor
k4\my H4\doc\HW04_fanbu.aux")
LaTeX Font Info:    Checking defaults for OML/cmm/m/it on input line 21.
LaTeX Font Info:    ... okay on input line 21.
LaTeX Font Info:    Checking defaults for T1/cmr/m/n on input line 21.
LaTeX Font Info:    ... okay on input line 21.
LaTeX Font Info:    Checking defaults for OT1/cmr/m/n on input line 21.
LaTeX Font Info:    ... okay on input line 21.
LaTeX Font Info:    Checking defaults for OMS/cmsy/m/n on input line 21.
LaTeX Font Info:    ... okay on input line 21.
LaTeX Font Info:    Checking defaults for OMX/cmex/m/n on input line 21.
LaTeX Font Info:    ... okay on input line 21.
LaTeX Font Info:    Checking defaults for U/cmr/m/n on input line 21.
LaTeX Font Info:    ... okay on input line 21.
LaTeX Font Info:    Checking defaults for TS1/cmr/m/n on input line 21.
LaTeX Font Info:    Try loading font information for TS1+cmr on input line 21.
 (D:\CTEX\MiKTeX\tex\latex\base\ts1cmr.fd
File: ts1cmr.fd 1999/05/25 v2.5h Standard LaTeX font definitions
)
LaTeX Font Info:    ... okay on input line 21.
LaTeX Font Info:    Try loading font information for T1+ppl on input line 21.

(D:\CTEX\MiKTeX\tex\latex\psnfss\t1ppl.fd
File: t1ppl.fd 2001/06/04 font definitions for T1/ppl.
)
(D:\CTEX\MiKTeX\tex\context\base\supp-pdf.mkii
[Loading MPS to PDF converter (version 2006.09.02).]
\scratchcounter=\count140
\scratchdimen=\dimen172
\scratchbox=\box46
\nofMPsegments=\count141
\nofMParguments=\count142
\everyMPshowfont=\toks37
\MPscratchCnt=\count143
\MPscratchDim=\dimen173
\MPnumerator=\count144
\makeMPintoPDFobject=\count145
\everyMPtoPDFconversion=\toks38
)
\AtBeginShipoutBox=\box47
 (D:\CTEX\MiKTeX\tex\latex\oberdiek\pdflscape.sty
Package: pdflscape 2008/08/11 v0.10 Landscape pages in PDF (HO)

(D:\CTEX\MiKTeX\tex\latex\graphics\lscape.sty
Package: lscape 2000/10/22 v3.01 Landscape Pages (DPC)
)
Package pdflscape Info: Auto-detected driver: pdftex on input line 80.

(D:\CTEX\MiKTeX\tex\generic\ifxetex\ifxetex.sty
Package: ifxetex 2010/09/12 v0.6 Provides ifxetex conditional
))
\c@lstlisting=\count146

ABD: EveryShipout initializing macros
LaTeX Font Info:    Try loading font information for OT1+ppl on input line 23.

(D:\CTEX\MiKTeX\tex\latex\psnfss\ot1ppl.fd
File: ot1ppl.fd 2001/06/04 font definitions for OT1/ppl.
)
LaTeX Font Info:    Try loading font information for OML+zplm on input line 23.


(D:\CTEX\MiKTeX\tex\latex\psnfss\omlzplm.fd
File: omlzplm.fd 2002/09/08 Fontinst v1.914 font definitions for OML/zplm.
)
LaTeX Font Info:    Try loading font information for OMS+zplm on input line 23.


(D:\CTEX\MiKTeX\tex\latex\psnfss\omszplm.fd
File: omszplm.fd 2002/09/08 Fontinst v1.914 font definitions for OMS/zplm.
)
LaTeX Font Info:    Try loading font information for OMX+zplm on input line 23.


(D:\CTEX\MiKTeX\tex\latex\psnfss\omxzplm.fd
File: omxzplm.fd 2002/09/08 Fontinst v1.914 font definitions for OMX/zplm.
)
LaTeX Font Info:    Font shape `U/msa/m/n' will be
(Font)              scaled to size 12.50409pt on input line 23.
LaTeX Font Info:    Font shape `U/msa/m/n' will be
(Font)              scaled to size 9.37807pt on input line 23.
LaTeX Font Info:    Font shape `U/msa/m/n' will be
(Font)              scaled to size 7.29405pt on input line 23.
LaTeX Font Info:    Font shape `U/msb/m/n' will be
(Font)              scaled to size 12.50409pt on input line 23.
LaTeX Font Info:    Font shape `U/msb/m/n' will be
(Font)              scaled to size 9.37807pt on input line 23.
LaTeX Font Info:    Font shape `U/msb/m/n' will be
(Font)              scaled to size 7.29405pt on input line 23.
LaTeX Font Info:    Try loading font information for OT1+zplm on input line 23.


(D:\CTEX\MiKTeX\tex\latex\psnfss\ot1zplm.fd
File: ot1zplm.fd 2002/09/08 Fontinst v1.914 font definitions for OT1/zplm.
)
LaTeX Font Info:    Font shape `T1/ppl/bx/n' in size <14.4> not available
(Font)              Font shape `T1/ppl/b/n' tried instead on input line 40.
LaTeX Font Info:    Font shape `T1/ppl/bx/n' in size <12> not available
(Font)              Font shape `T1/ppl/b/n' tried instead on input line 41.
LaTeX Font Info:    Font shape `U/msa/m/n' will be
(Font)              scaled to size 10.42007pt on input line 42.
LaTeX Font Info:    Font shape `U/msa/m/n' will be
(Font)              scaled to size 7.91925pt on input line 42.
LaTeX Font Info:    Font shape `U/msa/m/n' will be
(Font)              scaled to size 6.25204pt on input line 42.
LaTeX Font Info:    Font shape `U/msb/m/n' will be
(Font)              scaled to size 10.42007pt on input line 42.
LaTeX Font Info:    Font shape `U/msb/m/n' will be
(Font)              scaled to size 7.91925pt on input line 42.
LaTeX Font Info:    Font shape `U/msb/m/n' will be
(Font)              scaled to size 6.25204pt on input line 42.

Underfull \hbox (badness 10000) in paragraph at lines 42--43

 []

<HW4_q1_a_I1.jpeg, id=4, 2860.6875pt x 2003.485pt>
File: HW4_q1_a_I1.jpeg Graphic file (type jpg)
 <use HW4_q1_a_I1.jpeg>
Package pdftex.def Info: HW4_q1_a_I1.jpeg used on input line 48.
(pdftex.def)             Requested size: 211.38832pt x 148.02322pt.

<HW4_q1_a_I3.jpeg, id=5, 2860.6875pt x 2003.485pt>
File: HW4_q1_a_I3.jpeg Graphic file (type jpg)
 <use HW4_q1_a_I3.jpeg>
Package pdftex.def Info: HW4_q1_a_I3.jpeg used on input line 51.
(pdftex.def)             Requested size: 211.38832pt x 148.02322pt.

Underfull \hbox (badness 10000) in paragraph at lines 44--54

 []


Underfull \hbox (badness 10000) in paragraph at lines 56--64

 []


Underfull \hbox (badness 10000) in paragraph at lines 65--66

 []

[1
Non-PDF special ignored!

{D:/CTEX/UserData/pdftex/config/pdftex.map{Unicode.sfd}{UGBK.sfd}} <E:/DanielBu
/èµ„æ–™/ç¡•å£«/EECS442 Mechine Visionæœºå™¨è§†è§‰/Homework/homework4/my H4/doc/
HW4_q1_a_I1.jpeg> <E:/DanielBu/èµ„æ–™/ç¡•å£«/EECS442 Mechine Visionæœºå™¨è§†è§‰
/Homework/homework4/my H4/doc/HW4_q1_a_I3.jpeg>]
LaTeX Font Info:    Try loading font information for TS1+pcr on input line 89.

(D:\CTEX\MiKTeX\tex\latex\psnfss\ts1pcr.fd
File: ts1pcr.fd 2001/06/04 font definitions for TS1/pcr.
) [2]
Underfull \hbox (badness 10000) in paragraph at lines 173--174

 []

<HW4_q1_b_w_3_I1.jpeg, id=21, 2341.74875pt x 1756.5625pt>
File: HW4_q1_b_w_3_I1.jpeg Graphic file (type jpg)

<use HW4_q1_b_w_3_I1.jpeg>
Package pdftex.def Info: HW4_q1_b_w_3_I1.jpeg used on input line 178.
(pdftex.def)             Requested size: 422.77664pt x 317.10571pt.

<HW4_q1_b_w_3_I3.jpeg, id=22, 2341.74875pt x 1756.5625pt>
File: HW4_q1_b_w_3_I3.jpeg Graphic file (type jpg)

<use HW4_q1_b_w_3_I3.jpeg>
Package pdftex.def Info: HW4_q1_b_w_3_I3.jpeg used on input line 181.
(pdftex.def)             Requested size: 422.77664pt x 317.10571pt.
 [3]
Overfull \vbox (74.34819pt too high) has occurred while \output is active []


[4 <E:/DanielBu/èµ„æ–™/ç¡•å£«/EECS442 Mechine Visionæœºå™¨è§†è§‰/Homework/homew
ork4/my H4/doc/HW4_q1_b_w_3_I1.jpeg> <E:/DanielBu/èµ„æ–™/ç¡•å£«/EECS442 Mechine
 Visionæœºå™¨è§†è§‰/Homework/homework4/my H4/doc/HW4_q1_b_w_3_I3.jpeg>]
<HW4_q1_b_w_4_I1.jpeg, id=29, 2341.74875pt x 1756.5625pt>
File: HW4_q1_b_w_4_I1.jpeg Graphic file (type jpg)

<use HW4_q1_b_w_4_I1.jpeg>
Package pdftex.def Info: HW4_q1_b_w_4_I1.jpeg used on input line 189.
(pdftex.def)             Requested size: 422.77664pt x 317.10571pt.

<HW4_q1_b_w_4_I3.jpeg, id=30, 2341.74875pt x 1756.5625pt>
File: HW4_q1_b_w_4_I3.jpeg Graphic file (type jpg)

<use HW4_q1_b_w_4_I3.jpeg>
Package pdftex.def Info: HW4_q1_b_w_4_I3.jpeg used on input line 192.
(pdftex.def)             Requested size: 422.77664pt x 317.10571pt.

Overfull \vbox (74.34819pt too high) has occurred while \output is active []


[5 <E:/DanielBu/èµ„æ–™/ç¡•å£«/EECS442 Mechine Visionæœºå™¨è§†è§‰/Homework/homew
ork4/my H4/doc/HW4_q1_b_w_4_I1.jpeg> <E:/DanielBu/èµ„æ–™/ç¡•å£«/EECS442 Mechine
 Visionæœºå™¨è§†è§‰/Homework/homework4/my H4/doc/HW4_q1_b_w_4_I3.jpeg>]
<HW4_q1_b_w_6_I1.jpeg, id=34, 2341.74875pt x 1756.5625pt>
File: HW4_q1_b_w_6_I1.jpeg Graphic file (type jpg)

<use HW4_q1_b_w_6_I1.jpeg>
Package pdftex.def Info: HW4_q1_b_w_6_I1.jpeg used on input line 200.
(pdftex.def)             Requested size: 422.77664pt x 317.10571pt.

<HW4_q1_b_w_6_I3.jpeg, id=35, 2341.74875pt x 1756.5625pt>
File: HW4_q1_b_w_6_I3.jpeg Graphic file (type jpg)

<use HW4_q1_b_w_6_I3.jpeg>
Package pdftex.def Info: HW4_q1_b_w_6_I3.jpeg used on input line 203.
(pdftex.def)             Requested size: 422.77664pt x 317.10571pt.

Overfull \vbox (74.34819pt too high) has occurred while \output is active []


[6 <E:/DanielBu/èµ„æ–™/ç¡•å£«/EECS442 Mechine Visionæœºå™¨è§†è§‰/Homework/homew
ork4/my H4/doc/HW4_q1_b_w_6_I1.jpeg> <E:/DanielBu/èµ„æ–™/ç¡•å£«/EECS442 Mechine
 Visionæœºå™¨è§†è§‰/Homework/homework4/my H4/doc/HW4_q1_b_w_6_I3.jpeg>]
<HW4_q1_b_w_9_I1.jpeg, id=39, 2341.74875pt x 1756.5625pt>
File: HW4_q1_b_w_9_I1.jpeg Graphic file (type jpg)

<use HW4_q1_b_w_9_I1.jpeg>
Package pdftex.def Info: HW4_q1_b_w_9_I1.jpeg used on input line 211.
(pdftex.def)             Requested size: 422.77664pt x 317.10571pt.

<HW4_q1_b_w_9_I3.jpeg, id=40, 2341.74875pt x 1756.5625pt>
File: HW4_q1_b_w_9_I3.jpeg Graphic file (type jpg)

<use HW4_q1_b_w_9_I3.jpeg>
Package pdftex.def Info: HW4_q1_b_w_9_I3.jpeg used on input line 214.
(pdftex.def)             Requested size: 422.77664pt x 317.10571pt.

Overfull \vbox (74.34819pt too high) has occurred while \output is active []


[7 <E:/DanielBu/èµ„æ–™/ç¡•å£«/EECS442 Mechine Visionæœºå™¨è§†è§‰/Homework/homew
ork4/my H4/doc/HW4_q1_b_w_9_I1.jpeg> <E:/DanielBu/èµ„æ–™/ç¡•å£«/EECS442 Mechine
 Visionæœºå™¨è§†è§‰/Homework/homework4/my H4/doc/HW4_q1_b_w_9_I3.jpeg>]
Underfull \hbox (badness 10000) in paragraph at lines 220--221

 []


Underfull \hbox (badness 10000) in paragraph at lines 222--223

 []


Underfull \hbox (badness 10000) in paragraph at lines 224--225

 []

[8] [9]
Underfull \hbox (badness 10000) in paragraph at lines 354--355

 []


Underfull \hbox (badness 10000) in paragraph at lines 356--357

 []

<HW4_q1_c_t_001_I1.jpeg, id=51, 2341.74875pt x 1756.5625pt>
File: HW4_q1_c_t_001_I1.jpeg Graphic file (type jpg)

<use HW4_q1_c_t_001_I1.jpeg>
Package pdftex.def Info: HW4_q1_c_t_001_I1.jpeg used on input line 361.
(pdftex.def)             Requested size: 211.38832pt x 158.53944pt.
LaTeX Font Info:    Font shape `U/msa/m/n' will be
(Font)              scaled to size 8.33606pt on input line 361.
LaTeX Font Info:    Font shape `U/msa/m/n' will be
(Font)              scaled to size 5.21004pt on input line 361.
LaTeX Font Info:    Font shape `U/msb/m/n' will be
(Font)              scaled to size 8.33606pt on input line 361.
LaTeX Font Info:    Font shape `U/msb/m/n' will be
(Font)              scaled to size 5.21004pt on input line 361.

<HW4_q1_c_t_001_I3.jpeg, id=52, 2341.74875pt x 1756.5625pt>
File: HW4_q1_c_t_001_I3.jpeg Graphic file (type jpg)

<use HW4_q1_c_t_001_I3.jpeg>
Package pdftex.def Info: HW4_q1_c_t_001_I3.jpeg used on input line 364.
(pdftex.def)             Requested size: 211.38832pt x 158.53944pt.

<HW4_q1_c_t_01_I1.jpeg, id=53, 2341.74875pt x 1756.5625pt>
File: HW4_q1_c_t_01_I1.jpeg Graphic file (type jpg)

<use HW4_q1_c_t_01_I1.jpeg>
Package pdftex.def Info: HW4_q1_c_t_01_I1.jpeg used on input line 372.
(pdftex.def)             Requested size: 211.38832pt x 158.53944pt.

<HW4_q1_c_t_01_I3.jpeg, id=54, 2341.74875pt x 1756.5625pt>
File: HW4_q1_c_t_01_I3.jpeg Graphic file (type jpg)

<use HW4_q1_c_t_01_I3.jpeg>
Package pdftex.def Info: HW4_q1_c_t_01_I3.jpeg used on input line 375.
(pdftex.def)             Requested size: 211.38832pt x 158.53944pt.

<HW4_q1_c_t_05_I1.jpeg, id=55, 2341.74875pt x 1756.5625pt>
File: HW4_q1_c_t_05_I1.jpeg Graphic file (type jpg)

<use HW4_q1_c_t_05_I1.jpeg>
Package pdftex.def Info: HW4_q1_c_t_05_I1.jpeg used on input line 383.
(pdftex.def)             Requested size: 211.38832pt x 158.53944pt.

<HW4_q1_c_t_05_I3.jpeg, id=56, 2341.74875pt x 1756.5625pt>
File: HW4_q1_c_t_05_I3.jpeg Graphic file (type jpg)

<use HW4_q1_c_t_05_I3.jpeg>
Package pdftex.def Info: HW4_q1_c_t_05_I3.jpeg used on input line 386.
(pdftex.def)             Requested size: 211.38832pt x 158.53944pt.
 [10 <E:/DanielBu/èµ„æ–™/ç¡•å£«/EECS442 Mechine Visionæœºå™¨è§†è§‰/Homework/hom
ework4/my H4/doc/HW4_q1_c_t_001_I1.jpeg> <E:/DanielBu/èµ„æ–™/ç¡•å£«/EECS442 Mec
hine Visionæœºå™¨è§†è§‰/Homework/homework4/my H4/doc/HW4_q1_c_t_001_I3.jpeg> <E
:/DanielBu/èµ„æ–™/ç¡•å£«/EECS442 Mechine Visionæœºå™¨è§†è§‰/Homework/homework4/
my H4/doc/HW4_q1_c_t_01_I1.jpeg> <E:/DanielBu/èµ„æ–™/ç¡•å£«/EECS442 Mechine Vis
ionæœºå™¨è§†è§‰/Homework/homework4/my H4/doc/HW4_q1_c_t_01_I3.jpeg>] <HW4_q1_c_
t_1_I1.jpeg, id=60, 2341.74875pt x 1756.5625pt>
File: HW4_q1_c_t_1_I1.jpeg Graphic file (type jpg)

<use HW4_q1_c_t_1_I1.jpeg>
Package pdftex.def Info: HW4_q1_c_t_1_I1.jpeg used on input line 394.
(pdftex.def)             Requested size: 211.38832pt x 158.53944pt.

<HW4_q1_c_t_1_I3.jpeg, id=61, 2341.74875pt x 1756.5625pt>
File: HW4_q1_c_t_1_I3.jpeg Graphic file (type jpg)

<use HW4_q1_c_t_1_I3.jpeg>
Package pdftex.def Info: HW4_q1_c_t_1_I3.jpeg used on input line 397.
(pdftex.def)             Requested size: 211.38832pt x 158.53944pt.

Underfull \hbox (badness 10000) in paragraph at lines 402--403

 []


Underfull \hbox (badness 10000) in paragraph at lines 404--406

 []


Underfull \hbox (badness 10000) in paragraph at lines 407--408

 []

[11 <E:/DanielBu/èµ„æ–™/ç¡•å£«/EECS442 Mechine Visionæœºå™¨è§†è§‰/Homework/home
work4/my H4/doc/HW4_q1_c_t_05_I1.jpeg> <E:/DanielBu/èµ„æ–™/ç¡•å£«/EECS442 Mechi
ne Visionæœºå™¨è§†è§‰/Homework/homework4/my H4/doc/HW4_q1_c_t_05_I3.jpeg> <E:/D
anielBu/èµ„æ–™/ç¡•å£«/EECS442 Mechine Visionæœºå™¨è§†è§‰/Homework/homework4/my 
H4/doc/HW4_q1_c_t_1_I1.jpeg> <E:/DanielBu/èµ„æ–™/ç¡•å£«/EECS442 Mechine Visionæ
œºå™¨è§†è§‰/Homework/homework4/my H4/doc/HW4_q1_c_t_1_I3.jpeg>]
LaTeX Font Info:    Font shape `T1/ppl/bx/n' in size <10> not available
(Font)              Font shape `T1/ppl/b/n' tried instead on input line 416.

Underfull \hbox (badness 10000) in paragraph at lines 417--425

 []


Underfull \hbox (badness 10000) in paragraph at lines 426--427

 []

<HW4_q2_k_01.jpeg, id=65, 6424.0pt x 4211.735pt>
File: HW4_q2_k_01.jpeg Graphic file (type jpg)
 <use HW4_q2_k_01.jpeg>
Package pdftex.def Info: HW4_q2_k_01.jpeg used on input line 431.
(pdftex.def)             Requested size: 398.33858pt x 261.11201pt.

Underfull \hbox (badness 10000) in paragraph at lines 428--435

 []

<HW4_q2_k_02.jpeg, id=66, 6424.0pt x 4211.735pt>
File: HW4_q2_k_02.jpeg Graphic file (type jpg)
 <use HW4_q2_k_02.jpeg>
Package pdftex.def Info: HW4_q2_k_02.jpeg used on input line 439.
(pdftex.def)             Requested size: 398.33858pt x 261.11201pt.

[12

 <E:/DanielBu/èµ„æ–™/ç¡•å£«/EECS442 Mechine Visionæœºå™¨è§†è§‰/Homework/homewor
k4/my H4/doc/HW4_q2_k_01.jpeg>]
<HW4_q2_k_03.jpeg, id=70, 6424.0pt x 4211.735pt>
File: HW4_q2_k_03.jpeg Graphic file (type jpg)
 <use HW4_q2_k_03.jpeg>
Package pdftex.def Info: HW4_q2_k_03.jpeg used on input line 447.
(pdftex.def)             Requested size: 398.33858pt x 261.11201pt.

<HW4_q2_k_04.jpeg, id=71, 6424.0pt x 4211.735pt>
File: HW4_q2_k_04.jpeg Graphic file (type jpg)
 <use HW4_q2_k_04.jpeg>
Package pdftex.def Info: HW4_q2_k_04.jpeg used on input line 455.
(pdftex.def)             Requested size: 398.33858pt x 261.11201pt.

[13 <E:/DanielBu/èµ„æ–™/ç¡•å£«/EECS442 Mechine Visionæœºå™¨è§†è§‰/Homework/home
work4/my H4/doc/HW4_q2_k_02.jpeg> <E:/DanielBu/èµ„æ–™/ç¡•å£«/EECS442 Mechine Vi
sionæœºå™¨è§†è§‰/Homework/homework4/my H4/doc/HW4_q2_k_03.jpeg>]
Underfull \hbox (badness 10000) in paragraph at lines 461--463

 []

<HW4_q2_c_k_012855.jpeg, id=76, 6424.0pt x 4211.735pt>
File: HW4_q2_c_k_012855.jpeg Graphic file (type jpg)

<use HW4_q2_c_k_012855.jpeg>
Package pdftex.def Info: HW4_q2_c_k_012855.jpeg used on input line 468.
(pdftex.def)             Requested size: 341.43306pt x 223.83784pt.

Underfull \hbox (badness 10000) in paragraph at lines 465--472

 []

[14 <E:/DanielBu/èµ„æ–™/ç¡•å£«/EECS442 Mechine Visionæœºå™¨è§†è§‰/Homework/home
work4/my H4/doc/HW4_q2_k_04.jpeg>]
<HW4_q2_c_hist.jpeg, id=80, 2341.74875pt x 1756.5625pt>
File: HW4_q2_c_hist.jpeg Graphic file (type jpg)

<use HW4_q2_c_hist.jpeg>
Package pdftex.def Info: HW4_q2_c_hist.jpeg used on input line 477.
(pdftex.def)             Requested size: 341.43306pt x 256.10219pt.

Underfull \hbox (badness 10000) in paragraph at lines 474--481

 []

[15 <E:/DanielBu/èµ„æ–™/ç¡•å£«/EECS442 Mechine Visionæœºå™¨è§†è§‰/Homework/home
work4/my H4/doc/HW4_q2_c_k_012855.jpeg> <E:/DanielBu/èµ„æ–™/ç¡•å£«/EECS442 Mech
ine Visionæœºå™¨è§†è§‰/Homework/homework4/my H4/doc/HW4_q2_c_hist.jpeg>]
[16] [17]
("E:\DanielBu\èµ„æ–™\ç¡•å£«\EECS442 Mechine Visionæœºå™¨è§†è§‰\Homework\homewor
k4\my H4\doc\HW04_fanbu.aux") ) 
Here is how much of TeX's memory you used:
 15945 strings out of 495354
 292185 string characters out of 3183859
 607091 words of memory out of 3000000
 18713 multiletter control sequences out of 15000+200000
 44020 words of font info for 110 fonts, out of 3000000 for 9000
 14 hyphenation exceptions out of 8191
 55i,8n,54p,608b,1564s stack positions out of 5000i,500n,10000p,200000b,50000s
{D:/CTEX/MiKTeX/fonts/enc/dvips/fontname/8r.enc}
<D:/CTEX/MiKTeX/fonts/type1/public/amsfonts/cm/cmmi10.pfb><D:/CTEX/MiKTeX/fonts
/type1/public/amsfonts/cm/cmr10.pfb><D:/CTEX/MiKTeX/fonts/type1/public/amsfonts
/cm/cmsy10.pfb><D:/CTEX/UserData/fonts/type1/public/mathpazo/fplmri.pfb><D:/CTE
X/MiKTeX/fonts/type1/urw/courier/ucrr8a.pfb><D:/CTEX/MiKTeX/fonts/type1/urw/pal
atino/uplb8a.pfb><D:/CTEX/MiKTeX/fonts/type1/urw/palatino/uplr8a.pfb><D:/CTEX/M
iKTeX/fonts/type1/urw/palatino/uplri8a.pfb>
Output written on HW04_fanbu.pdf (17 pages, 20675516 bytes).
PDF statistics:
 117 PDF objects out of 1000 (max. 8388607)
 0 named destinations out of 1000 (max. 500000)
 133 words of extra memory for PDF output out of 10000 (max. 10000000)

